<?xml version="1.0" encoding="UTF-8"?>
<!-- Generated by org.testng.reporters.JUnitXMLReporter -->
<testsuite ignored="0" hostname="Kashyap" failures="0" tests="5" name="Default test" time="296.807" errors="0" timestamp="2024-03-25T16:41:17 EDT">
  <testcase classname="selenium_automation.TestScenarios" name="Scenario1Test" time="114.952"/>
  <testcase classname="selenium_automation.TestScenarios" name="Scenario2Test" time="66.802"/>
  <testcase classname="selenium_automation.TestScenarios" name="Scenario3Test" time="33.152"/>
  <testcase classname="selenium_automation.TestScenarios" name="Scenario4Test" time="47.562"/>
  <testcase classname="selenium_automation.TestScenarios" name="Scenario5Test" time="34.287"/>
</testsuite> <!-- Default test -->
